
1 1
2 1
3 1
4 1
5 1
6 4
7 4
8 4
9 4
10 7
11 7
12 16
13 16
14 19
15 19
16 37
17 37
18 67
19 67
20 93
21 93
22 174
23 174
24 291
25 291
26 450
27 450
28 801
29 801
30 1311
31 1311
32 2130
33 2130
34 3666
35 3666
36 6006
37 6006
38 9945
39 9945
40 16803
41 16803
42 27684
43 27684
44 46116
45 46116
46 77220
47 77220
48 127818
49 127818
50 213165
51 213165
52 355545
53 355545
54 590229
55 590229
56 984042
57 984042
58 1638846
59 1638846
60 2724894
61 2724894
62 4540563
63 4540563
64 7558380
65 7558380
66 12576897
67 12576897
68 20948409
69 20948409
70 34868583
71 34868583
72 58039605
73 58039605
74 96647175
75 96647175
76 160874667
77 160874667
78 267813864
79 267813864
80 445899654
81 445899654
82 742263183
83 742263183
84 235719550
85 235719550
86 57286991
87 57286991
88 424778394
89 424778394
90 701600414
91 701600414
92 492033618
93 492033618
94 801816774
95 801816774
96 306893321
97 306893321
98 795293620
99 795293620
