16
37
1665
1806
3804
4035
166983
168324
181122
182553
381201
383442
404340
406671
16702819
16716160
16836958
16850389
18117037
18131278
18260176
18274507
38127655
38149996
38351794
38374225
40441873
40465114
40675012
40698343
1670326491
1670459832
1671660630
1671794061
1683740709
1683874950
1685083848
1685218179
1811751327
1811893668
1813175466
1813317897
1826065545
1826208786
1827498684
1827642015
3812840163
3813063504
3815074302
3815297733
3835254381
3835478622
3837497520
3837721851
4044264999
4044497340
4046589138
4046821569
4067579217
4067812458
4069912356
4070145687
167033093835
167034427176
167046427974
167047761405
167166508053
167167842294
167179851192
167181185523
168374518671
168375861012
168387942810
168389285241
168508832889
168510176130
168522266028
168523609359
181175607507
181177030848
181189841646
181191265077
181318021725
181319445966
181332264864
181333689195
182607032343
182608464684
182621356482
182622788913
182750346561
182751779802
182764679700
182766113031
381284761179
381286994520
381307095318
381309328749
381508175397
381510409638
381530518536
381532752867
383526186015
383528428356
383548610154
383550852585
383750500233
383752743474
383772933372
383775176703
404427274851
404429598192
404450508990
404452832421
404659689069
404662013310
404682932208
404685256539
406758699687
406761032028
406782023826
406784356257
406992013905
406994347146
407015347044
407017680375
16703313828523
16703327161864
16703447162662
16703460496093
16704647242741
16704660576982
16704780585880
16704793920211
16716655253359
16716668595700
16716788677498
16716802019929
16717989567577
16718002910818
16718123000716
16718136344047
16837456342195
16837469765536
16837590576334
16837603999765
16838798756413
16838812180654
16838932999552
16838946423883
16850887767031
16850901199372
16851022091170
16851035523601
16852231081249
16852244514490
16852365414388
16852378847719
18117565495867
18117579729208
18117707830006
18117722063437
18118988910085
18119003144326
18119131253224
18119145487555
18131806920703
18131821163044
18131949344842
18131963587273
18133231234921
18133245478162
18133373668060
18133387911391
18260708009539
18260722332880
18260851243678
18260865567109
18262140423757
18262154747998
18262283666896
18262297991227
18275039434375
18275053766716
18275182758514
18275197090945
18276472748593
18276487081834
18276616081732
18276630415063
38128483563211
38128505896552
38128706897350
38128729230781
38130716977429
38130739311670
38130940320568
38130962654899
38150824988047
38150847330388
38151048412186
38151070754617
38153059302265
38153081645506
38153282735404
38153305078735
38352626076883
38352648500224
38352850311022
38352872734453
38354868491101
38354890915342
38355092734240
38355115158571
38375057501719
38375079934060
38375281825858
38375304258289
38377300815937
38377323249178
38377525149076
38377547582407
40442735230555
40442758463896
40442967564694
40442990798125
40445058644773
40445081879014
40445290987912
40445314222243
40465976655391
40465999897732
40466209079530
40466232321961
40468300969609
40468324212850
40468533402748
40468556646079
40675877744227
40675901067568
40676110978366
40676134301797
40678210158445
40678233482686
40678443401584
40678466725915
40699209169063
40699232501404
40699442493202
40699465825633
40701542483281
40701565816522
40701775816420
40701799149751
1670331427297899
1670331560631240
1670332760632038
1670332893965469
1670344760712117
1670344894046358
1670346094055256
1670346227389587
1670464768722735
1670464902065076
1670466102146874
1670466235489305
1670478103036953
1670478236380194
1670479436470092
1670479569813423
1671665569811571
1671665703234912
1671666904045710
1671667037469141
1671678912225789
1671679045650030
1671680246468928
1671680379893259
1671799001236407
1671799134668748
1671800335560546
1671800468992977
1671812344550625
1671812477983866
1671813678883764
1671813812317095
1683745678965243
1683745813198584
1683747021299382
1683747155532813
1683759102379461
1683759236613702
1683760444722600
1683760578956931
1683879920390079
1683880054632420
1683881262814218
1683881397056649
1683893344704297
1683893478947538
1683894687137436
1683894821380767
1685088821478915
1685088955802256
1685090164713054
1685090299036485
1685102253893133
1685102388217374
1685103597136272
1685103731460603
1685223152903751
1685223287236092
1685224496227890
1685224630560321
1685236586217969
1685236720551210
1685237929551108
1685238063884439
1811756597032587
1811756739365928
1811758020366726
1811758162700157
1811770830446805
1811770972781046
1811772253789944
1811772396124275
1811898938457423
1811899080799764
1811900361881562
1811900504223993
1811913172771641
1811913315114882
1811914596204780
1811914738548111
1813180739546259
1813180881969600
1813182163780398
1813182306203829
1813194981960477
1813195124384718
1813196406203616
1813196548627947
1813323170971095
1813323313403436
1813324595295234
1813324737727665
1813337414285313
1813337556718554
1813338838618452
1813338981051783
1826070848699931
1826070991933272
1826072281034070
1826072424267501
1826085172114149
1826085315348390
1826086604457288
1826086747691619
1826214090124767
1826214233367108
1826215522548906
1826215665791337
1826228414438985
1826228557682226
1826229846872124
1826229990115455
1827503991213603
1827504134536944
1827505424447742
1827505567771173
1827518323627821
1827518466952062
1827519756870960
1827519900195291
1827647322638439
1827647465970780
1827648755962578
1827648899295009
1827661655952657
1827661799285898
1827663089285796
1827663232619127
3812848430767275
3812848654100616
3812850664101414
3812850887434845
3812870764181493
3812870987515734
3812872997524632
3812873220858963
3813071772192111
3813071995534452
3813074005616250
3813074228958681
3813094106506329
3813094329849570
3813096339939468
3813096563282799
3815082573280947
3815082796704288
3815084807515086
3815085030938517
3815104915695165
3815105139119406
3815107149938304
3815107373362635
3815306004705783
3815306228138124
3815308239029922
3815308462462353
3815328348020001
3815328571453242
3815330582353140
3815330805786471
3835262682434619
3835262906667960
3835264924768758
3835265149002189
3835285105848837
3835285330083078
3835287348191976
3835287572426307
3835486923859455
3835487148101796
3835489166283594
3835489390526025
3835509348173673
3835509572416914
3835511590606812
3835511814850143
3837505824948291
3837506049271632
3837508068182430
3837508292505861
3837528257362509
3837528481686750
3837530500605648
3837530724929979
3837730156373127
3837730380705468
3837732399697266
3837732624029697
3837752589687345
3837752814020586
3837754833020484
3837755057353815
4044273600501963
4044273832835304
4044275923836102
4044276156169533
4044296833916181
4044297066250422
4044299157259320
4044299389593651
4044505941926799
4044506174269140
4044508265350938
4044508497693369
4044529176241017
4044529408584258
4044531499674156
4044531732017487
4046597743015635
4046597975438976
4046600067249774
4046600299673205
4046620985429853
4046621217854094
4046623309672992
4046623542097323
4046830174440471
4046830406872812
4046832498764610
4046832731197041
4046853417754689
4046853650187930
4046855742087828
4046855974521159
4067587852169307
4067588085402648
4067590184503446
4067590417736877
4067611175583525
4067611408817766
4067613507926664
4067613741160995
4067821093594143
4067821326836484
4067823426018282
4067823659260713
4067844417908361
4067844651151602
4067846750341500
4067846983584831
4069920994682979
4069921228006320
4069923327917118
4069923561240549
4069944327097197
4069944560421438
4069946660340336
4069946893664667
4070154326107815
4070154559440156
4070156659431954
4070156892764385
4070177659422033
4070177892755274
4070179992755172
4070180226088503
167033143174236651
167033144507569992
167033156507570790
167033157840904221
167033276507650869
167033277840985110
167033289840994008
167033291174328339
167034476515661487
167034477849003828
167034489849085626
167034491182428057
167034609849975705
167034611183318946
167034623183408844
167034624516752175
167046477316750323
167046478650173664
167046490650984462
167046491984407893
167046610659164541
167046611992588782
167046623993407680
167046625326832011
167047810748175159
167047812081607500
167047824082499298
167047825415931729
167047944091489377
167047945424922618
167047957425822516
167047958759255847
167166557425903995
167166558760137336
167166570768238134
167166572102471565
167166690849318213
167166692183552454
167166704191661352
167166705525895683
167167891667328831
167167893001571172
167167905009752970
167167906343995401
167168025091643049
167168026425886290
167168038434076188
167168039768319519
167179900568417667
167179901902741008
167179913911651806
167179915245975237
167180034000831885
167180035335156126
167180047344075024
167180048678399355
167181234899842503
167181236234174844
167181248243166642
167181249577499073
167181368333156721
167181369667489962
167181381676489860
167181383010823191
168374568343971339
168374569686304680
168374581767305478
168374583109638909
168374702577385557
168374703919719798
168374716000728696
168374717343063027
168375910685396175
168375912027738516
168375924108820314
168375925451162745
168376044919710393
168376046262053634
168376058343143532
168376059685486863
168387992486485011
168387993828908352
168388005910719150
168388007253142581
168388126728899229
168388128071323470
168388140153142368
168388141495566699
168389334917909847
168389336260342188
168389348342233986
168389349684666417
168389469161224065
168389470503657306
168389482585557204
168389483927990535
168508882595638683
168508883938872024
168508896027972822
168508897371206253
168509016919052901
168509018262287142
168509030351396040
168509031694630371
168510225837063519
168510227180305860
168510239269487658
168510240612730089
168510360161377737
168510361504620978
168510373593810876
168510374937054207
168522315738152355
168522317081475696
168522329171386494
168522330514709925
168522450070566573
168522451413890814
168522463503809712
168522464847134043
168523659069577191
168523660412909532
168523672502901330
168523673846233761
168523793402891409
168523794746224650
168523806836224548
168523808179557879
181175660177706027
181175661601039368
181175674411040166
181175675834373597
181175802511120245
181175803934454486
181175816744463384
181175818167797715
181177083519130863
181177084942473204
181177097752555002
181177099175897433
181177225853445081
181177227276788322
181177240086878220
181177241510221551
181189894320219699
181189895743643040
181189908554453838
181189909977877269
181190036662633917
181190038086058158
181190050896877056
181190052320301387
181191317751644535
181191319175076876
181191331985968674
181191333409401105
181191460094958753
181191461518391994
181191474329291892
181191475752725223
181318074429373371
181318075853606712
181318088671707510
181318090095940941
181318216852787589
181318218277021830
181318231095130728
181318232519365059
181319498670798207
181319500095040548
181319512913222346
181319514337464777
181319641095112425
181319642519355666
181319655337545564
181319656761788895
181332317571887043
181332318996210384
181332331815121182
181332333239444613
181332460004301261
181332461428625502
181332474247544400
181332475671868731
181333741903311879
181333743327644220
181333756146636018
181333757570968449
181333884336626097
181333885760959338
181333898579959236
181333900004292567
182607085347440715
182607086779774056
182607099670774854
182607101103108285
182607228580854933
182607230013189174
182607242904198072
182607244336532403
182608517688865551
182608519121207892
182608532012289690
182608533444632121
182608660923179769
182608662355523010
182608675246612908
182608676678956239
182621409489954387
182621410922377728
182621423814188526
182621425246611957
182621552732368605
182621554164792846
182621567056611744
182621568489036075
182622841921379223
182622843353811564
182622856245703362
182622857678135793
182622985164693441
182622986597126682
182622999489026580
182623000921459911
182750399599108059
182750401032341400
182750413931442198
182750415364675629
182750542922522277
182750544355756518
182750557254865416
182750558688099747
182751832840532895
182751834273775236
182751847172957034
182751848606199465
182751976164847113
182751977598090354
182751990497280252
182751991930523583
182764732741621731
182764734174945072
182764747074855870
182764748508179301
182764876074035949
182764877507360190
182764890407279088
182764891840603419
182766166073046567
182766167506378908
182766180406370706
182766181839703137
182766309406360785
182766310839694026
182766323739693924
182766325173027255
381284843821175403
381284846054508744
381284866154509542
381284868387842973
381285067154589621
381285069387923862
381285089487932760
381285091721267091
381287077162600239
381287079395942580
381287099496024378
381287101729366809
381287300496914457
381287302730257698
381287322830347596
381287325063690927
381307177963689075
381307180197112416
381307200297923214
381307202531346645
381307401306103293
381307403539527534
381307423640346432
381307425873770763
381309411395113911
381309413628546252
381309433729438050
381309435962870481
381309634738428129
381309636971861370
381309657072761268
381309659306194599
381508258072842747
381508260307076088
381508280415176886
381508282649410317
381508481496256965
381508483730491206
381508503838600104
381508506072834435
381510492314267583
381510494548509924
381510514656691722
381510516890934153
381510715738581801
381510717972825042
381510738081014940
381510740315258271
381530601215356419
381530603449679760
381530623558590558
381530625792913989
381530824647770637
381530826882094878
381530846991013776
381530849225338107
381532835546781255
381532837781113596
381532857890105394
381532860124437825
381533058980095473
381533061214428714
381533081323428612
381533083557761943
383526268990910091
383526271233243432
383526291414244230
383526293656577661
383526493224324309
383526495466658550
383526515647667448
383526517890001779
383528511332334927
383528513574677268
383528533755759066
383528535998101497
383528735566649145
383528737808992386
383528757990082284
383528760232425615
383548693133423763
383548695375847104
383548715557657902
383548717800081333
383548917375837981
383548919618262222
383548939800081120
383548942042505451
383550935564848599
383550937807280940
383550957989172738
383550960231605169
383551159808162817
383551162050596058
383551182232495956
383551184474929287
383750583242577435
383750585485810776
383750605674911574
383750607918145005
383750807565991653
383750809809225894
383750829998334792
383750832241569123
383752826484002271
383752828727244612
383752848916426410
383752851159668841
383753050808316489
383753053051559730
383753073240749628
383753075483992959
383773016385091107
383773018628414448
383773038818325246
383773041061648677
383773240717505325
383773242960829566
383773263150748464
383773265394072795
383775259716515943
383775261959848284
383775282149840082
383775284393172513
383775484049830161
383775486293163402
383775506483163300
383775508726496631
404427360824644779
404427363147978120
404427384057978918
404427386381312349
404427593158058997
404427595481393238
404427616391402136
404427618714736467
404429684166069615
404429686489411956
404429707399493754
404429709722836185
404429916500383833
404429918823727074
404429939733816972
404429942057160303
404450594967158451
404450597290581792
404450618201392590
404450620524816021
404450827309572669
404450829632996910
404450850543815808
404450852867240139
404452918398583287
404452920722015628
404452941632907426
404452943956339857
404453150741897505
404453153065330746
404453173976230644
404453176299663975
404659775076312123
404659777400545464
404659798318646262
404659800642879693
404660007499726341
404660009823960582
404660030742069480
404660033066303811
404662099317736959
404662101641979300
404662122560161098
404662124884403529
404662331742051177
404662334066294418
404662354984484316
404662357308727647
404683018218825795
404683020543149136
404683041462059934
404683043786383365
404683250651240013
404683252975564254
404683273894483152
404683276218807483
404685342550250631
404685344874582972
404685365793574770
404685368117907201
404685574983564849
404685577307898090
404685598226897988
404685600551231319
406758785994379467
406758788326712808
406758809317713606
406758811650047037
406759019227793685
406759021560127926
406759042551136824
406759044883471155
406761118335804303
406761120668146644
406761141659228442
406761143991570873
406761351570118521
406761353902461762
406761374893551660
406761377225894991
406782110136893139
406782112469316480
406782133461127278
406782135793550709
406782343379307357
406782345711731598
406782366703550496
406782369035974827
406784442568317975
406784444900750316
406784465892642114
406784468225074545
406784675811632193
406784678144065434
406784699135965332
406784701468398663
406992100246046811
406992102579280152
406992123578380950
406992125911614381
406992333569461029
406992335902695270
406992356901804168
406992359235038499
406994433487471647
406994435820713988
406994456819895786
406994459153138217
406994666811785865
406994669145029106
406994690144219004
406994692477462335
407015433388560483
407015435721883824
407015456721794622
407015459055118053
407015666720974701
407015669054298942
407015690054217840
407015692387542171
407017766719985319
407017769053317660
407017790053309458
407017792386641889
407018000053299537
407018002386632778
407018023386632676
407018025719966007
16703314321868114155
16703314321868114155
